TN:
SF:src\adapters\fetch.dapaters.ts
FN:19,get
FN:23,post
FN:26,put
FN:29,delete
FNF:4
FNH:1
FNDA:3,get
FNDA:0,post
FNDA:0,put
FNDA:0,delete
DA:1,1
DA:2,1
DA:3,1
DA:4,1
DA:5,1
DA:6,1
DA:7,1
DA:8,1
DA:9,1
DA:10,1
DA:11,1
DA:12,1
DA:13,1
DA:14,1
DA:15,1
DA:16,1
DA:17,1
DA:18,1
DA:19,1
DA:20,3
DA:21,2
DA:22,3
DA:23,1
DA:24,0
DA:25,0
DA:26,1
DA:27,0
DA:28,0
DA:29,1
DA:30,0
DA:31,0
DA:32,1
LF:32
LH:26
BRDA:19,0,0,3
BRDA:19,1,0,3
BRDA:21,2,0,2
BRF:3
BRH:3
end_of_record
TN:
SF:src\adapters\get-age.dapater.ts
FN:4,getAge
FNF:1
FNH:1
FNDA:2,getAge
DA:1,1
DA:2,1
DA:3,1
DA:4,1
DA:5,2
DA:6,0
DA:7,0
DA:8,2
DA:9,2
LF:9
LH:7
BRDA:4,0,0,2
BRDA:5,1,0,0
BRF:2
BRH:1
end_of_record
TN:
SF:src\adapters\logger.adaper.ts
FN:15,buildLogger
FN:17,log
FN:20,error
FNF:3
FNH:2
FNDA:2,buildLogger
FNDA:1,log
FNDA:0,error
DA:1,1
DA:2,1
DA:3,1
DA:4,1
DA:5,1
DA:6,1
DA:7,1
DA:8,1
DA:9,1
DA:10,1
DA:11,1
DA:12,1
DA:13,1
DA:14,1
DA:15,1
DA:16,2
DA:17,2
DA:18,1
DA:19,2
DA:20,2
DA:21,0
DA:22,0
DA:23,2
DA:24,2
LF:24
LH:22
BRDA:15,0,0,2
BRDA:17,1,0,1
BRF:2
BRH:2
end_of_record
TN:
SF:src\adapters\uuid.adapter.ts
FN:3,generateId
FNF:1
FNH:1
FNDA:1,generateId
DA:1,1
DA:2,1
DA:3,1
DA:4,1
DA:5,1
LF:5
LH:5
BRDA:3,0,0,1
BRF:1
BRH:1
end_of_record
TN:
SF:src\js-foundation\01-template.ts
FNF:0
FNH:0
DA:1,1
DA:2,1
DA:3,1
DA:4,1
DA:5,1
DA:6,1
LF:6
LH:6
BRF:0
BRH:0
end_of_record
TN:
SF:src\js-foundation\02-destructuring.ts
FNF:0
FNH:0
DA:1,1
DA:2,1
DA:3,1
DA:4,1
DA:5,1
DA:6,1
DA:7,1
DA:8,1
DA:9,1
DA:10,1
DA:11,1
LF:11
LH:11
BRF:0
BRH:0
end_of_record
TN:
SF:src\js-foundation\03-callbacks.ts
FN:19,getUserById
FNF:1
FNH:1
FNDA:4,getUserById
DA:1,1
DA:2,1
DA:3,1
DA:4,1
DA:5,1
DA:6,1
DA:7,1
DA:8,1
DA:9,1
DA:10,1
DA:11,1
DA:12,1
DA:13,1
DA:14,1
DA:15,1
DA:16,1
DA:17,1
DA:18,1
DA:19,4
DA:20,4
DA:21,4
DA:22,1
DA:23,1
DA:24,3
DA:25,3
DA:26,3
DA:27,4
DA:28,1
DA:29,1
DA:30,1
DA:31,0
DA:32,0
DA:33,1
DA:34,1
DA:35,1
DA:36,1
LF:36
LH:34
BRDA:19,0,0,4
BRDA:21,1,0,1
BRDA:24,2,0,3
BRDA:20,3,0,5
BRDA:29,4,0,1
BRDA:30,5,0,0
BRF:6
BRH:5
end_of_record
TN:
SF:src\js-foundation\05-factory.ts
FN:11,buildMakePerson
FNF:1
FNH:1
FNDA:2,buildMakePerson
DA:1,1
DA:2,1
DA:3,1
DA:4,1
DA:5,1
DA:6,1
DA:7,1
DA:8,1
DA:9,1
DA:10,1
DA:11,1
DA:12,2
DA:13,1
DA:14,1
DA:15,1
DA:16,1
DA:17,1
DA:18,1
DA:19,1
DA:20,2
DA:21,2
LF:21
LH:21
BRDA:11,0,0,2
BRDA:12,1,0,1
BRF:2
BRH:2
end_of_record
TN:
SF:src\js-foundation\06-promises.ts
FN:16,getPokemonById
FNF:1
FNH:1
FNDA:2,getPokemonById
DA:1,1
DA:2,1
DA:3,1
DA:4,1
DA:5,1
DA:6,1
DA:7,1
DA:8,1
DA:9,1
DA:10,1
DA:11,1
DA:12,1
DA:13,1
DA:14,1
DA:15,1
DA:16,1
DA:17,2
DA:18,2
DA:19,2
DA:20,1
DA:21,1
DA:22,1
DA:23,1
DA:24,1
DA:25,2
LF:25
LH:25
BRDA:16,0,0,2
BRDA:16,1,0,2
BRDA:20,2,0,1
BRF:3
BRH:3
end_of_record
