TN:
SF:src\config\plugins\yargs.plugin.ts
FNF:0
FNH:0
DA:1,1
DA:2,1
DA:3,1
DA:4,1
DA:5,1
DA:6,1
DA:7,1
DA:8,1
DA:9,1
DA:10,1
DA:11,1
DA:12,1
DA:13,1
DA:14,1
DA:15,1
DA:16,1
DA:17,1
DA:18,1
DA:19,1
DA:20,1
DA:21,1
DA:22,1
DA:23,1
DA:24,1
DA:25,1
DA:26,1
DA:27,1
DA:28,1
DA:29,1
DA:30,1
DA:31,1
DA:32,1
DA:33,1
DA:34,1
DA:35,1
DA:36,1
DA:37,1
DA:38,1
DA:39,2
DA:40,0
DA:41,0
DA:42,2
DA:43,0
DA:44,0
DA:45,2
DA:46,2
DA:47,1
LF:47
LH:43
BRDA:38,0,0,2
BRDA:39,1,0,0
BRDA:42,2,0,0
BRF:3
BRH:1
end_of_record
TN:
SF:src\domain\use-cases\create-table.use.case.ts
FN:11,CreateTable
FN:15,execute
FNF:2
FNH:2
FNDA:3,CreateTable
FNDA:3,execute
DA:1,1
DA:2,1
DA:3,1
DA:4,1
DA:5,1
DA:6,1
DA:7,1
DA:8,1
DA:9,1
DA:10,1
DA:11,1
DA:12,3
DA:13,3
DA:14,1
DA:15,1
DA:16,3
DA:17,3
DA:18,3
DA:19,3
DA:20,3
DA:21,3
DA:22,3
DA:23,3
DA:24,3
DA:25,3
DA:26,3
DA:27,30
DA:28,30
DA:29,3
DA:30,3
DA:31,1
LF:31
LH:31
BRDA:11,0,0,3
BRDA:15,1,0,3
BRDA:26,2,0,30
BRF:3
BRH:3
end_of_record
TN:
SF:src\domain\use-cases\save-file.use-case.ts
FN:14,SaveFile
FN:18,execute
FNF:2
FNH:2
FNDA:4,SaveFile
FNDA:4,execute
DA:1,1
DA:2,1
DA:3,1
DA:4,1
DA:5,1
DA:6,1
DA:7,1
DA:8,1
DA:9,1
DA:10,1
DA:11,1
DA:12,1
DA:13,1
DA:14,1
DA:15,4
DA:16,4
DA:17,1
DA:18,1
DA:19,4
DA:20,4
DA:21,4
DA:22,4
DA:23,4
DA:24,1
DA:25,1
DA:26,4
DA:27,1
LF:27
LH:27
BRDA:14,0,0,4
BRDA:18,1,0,4
BRDA:23,2,0,1
BRF:3
BRH:3
end_of_record
TN:
SF:src\presentation\server-app.ts
FN:13,run
FNF:1
FNH:1
FNDA:1,run
DA:1,1
DA:2,1
DA:3,1
DA:4,1
DA:5,1
DA:6,1
DA:7,1
DA:8,1
DA:9,1
DA:10,1
DA:11,1
DA:12,1
DA:13,1
DA:14,1
DA:15,1
DA:16,1
DA:17,1
DA:18,1
DA:19,1
DA:20,1
DA:21,1
DA:22,1
LF:22
LH:22
BRDA:13,0,0,1
BRDA:18,1,0,0
BRF:2
BRH:1
end_of_record
