{"C:\\Git\\Node js\\07 rest-server\\src\\app.ts": {"path":"C:\\Git\\Node js\\07 rest-server\\src\\app.ts","all":false,"statementMap":{"0":{"start":{"line":1,"column":0},"end":{"line":1,"column":29}},"1":{"start":{"line":2,"column":0},"end":{"line":2,"column":23}},"2":{"start":{"line":3,"column":0},"end":{"line":3,"column":46}},"3":{"start":{"line":4,"column":0},"end":{"line":4,"column":49}},"4":{"start":{"line":5,"column":0},"end":{"line":5,"column":0}},"5":{"start":{"line":6,"column":0},"end":{"line":6,"column":0}},"6":{"start":{"line":7,"column":0},"end":{"line":7,"column":0}},"7":{"start":{"line":8,"column":0},"end":{"line":8,"column":1}},"8":{"start":{"line":9,"column":0},"end":{"line":9,"column":13}},"9":{"start":{"line":10,"column":0},"end":{"line":10,"column":69}},"10":{"start":{"line":11,"column":0},"end":{"line":11,"column":24}},"11":{"start":{"line":12,"column":0},"end":{"line":12,"column":4}}},"s":{"0":1,"1":1,"2":1,"3":1,"4":1,"5":1,"6":1,"7":1,"8":1,"9":1,"10":1,"11":1},"branchMap":{"0":{"type":"branch","line":9,"loc":{"start":{"line":9,"column":0},"end":{"line":12,"column":2}},"locations":[{"start":{"line":9,"column":0},"end":{"line":12,"column":2}}]},"1":{"type":"branch","line":9,"loc":{"start":{"line":9,"column":11},"end":{"line":12,"column":2}},"locations":[{"start":{"line":9,"column":11},"end":{"line":12,"column":2}}]}},"b":{"0":[1],"1":[1]},"fnMap":{},"f":{}}
,"C:\\Git\\Node js\\07 rest-server\\src\\data\\postgres\\index.ts": {"path":"C:\\Git\\Node js\\07 rest-server\\src\\data\\postgres\\index.ts","all":false,"statementMap":{"0":{"start":{"line":1,"column":0},"end":{"line":1,"column":46}},"1":{"start":{"line":2,"column":0},"end":{"line":2,"column":0}},"2":{"start":{"line":3,"column":0},"end":{"line":3,"column":41}}},"s":{"0":1,"1":1,"2":1},"branchMap":{},"b":{},"fnMap":{},"f":{}}
,"C:\\Git\\Node js\\07 rest-server\\src\\domain\\dtos\\create-todo.ts": {"path":"C:\\Git\\Node js\\07 rest-server\\src\\domain\\dtos\\create-todo.ts","all":false,"statementMap":{"0":{"start":{"line":1,"column":0},"end":{"line":1,"column":27}},"1":{"start":{"line":2,"column":0},"end":{"line":2,"column":0}},"2":{"start":{"line":3,"column":0},"end":{"line":3,"column":54}},"3":{"start":{"line":4,"column":0},"end":{"line":4,"column":0}},"4":{"start":{"line":5,"column":0},"end":{"line":5,"column":5}},"5":{"start":{"line":6,"column":0},"end":{"line":6,"column":0}},"6":{"start":{"line":7,"column":0},"end":{"line":7,"column":73}},"7":{"start":{"line":8,"column":0},"end":{"line":8,"column":28}},"8":{"start":{"line":9,"column":0},"end":{"line":9,"column":18}},"9":{"start":{"line":10,"column":0},"end":{"line":10,"column":60}},"10":{"start":{"line":11,"column":0},"end":{"line":11,"column":9}},"11":{"start":{"line":12,"column":0},"end":{"line":12,"column":13}},"12":{"start":{"line":13,"column":0},"end":{"line":13,"column":55}},"13":{"start":{"line":14,"column":0},"end":{"line":14,"column":9}},"14":{"start":{"line":15,"column":0},"end":{"line":15,"column":5}},"15":{"start":{"line":16,"column":0},"end":{"line":16,"column":1}}},"s":{"0":1,"1":1,"2":1,"3":6,"4":6,"5":1,"6":1,"7":6,"8":6,"9":0,"10":0,"11":6,"12":6,"13":6,"14":6,"15":1},"branchMap":{"0":{"type":"branch","line":3,"loc":{"start":{"line":3,"column":4},"end":{"line":5,"column":5}},"locations":[{"start":{"line":3,"column":4},"end":{"line":5,"column":5}}]},"1":{"type":"branch","line":7,"loc":{"start":{"line":7,"column":11},"end":{"line":15,"column":5}},"locations":[{"start":{"line":7,"column":11},"end":{"line":15,"column":5}}]},"2":{"type":"branch","line":9,"loc":{"start":{"line":9,"column":17},"end":{"line":11,"column":9}},"locations":[{"start":{"line":9,"column":17},"end":{"line":11,"column":9}}]}},"b":{"0":[6],"1":[6],"2":[0]},"fnMap":{"0":{"name":"CreateTodoDto","decl":{"start":{"line":3,"column":4},"end":{"line":5,"column":5}},"loc":{"start":{"line":3,"column":4},"end":{"line":5,"column":5}},"line":3},"1":{"name":"create","decl":{"start":{"line":7,"column":11},"end":{"line":15,"column":5}},"loc":{"start":{"line":7,"column":11},"end":{"line":15,"column":5}},"line":7}},"f":{"0":6,"1":6}}
,"C:\\Git\\Node js\\07 rest-server\\src\\domain\\dtos\\update-todo.ts": {"path":"C:\\Git\\Node js\\07 rest-server\\src\\domain\\dtos\\update-todo.ts","all":false,"statementMap":{"0":{"start":{"line":1,"column":0},"end":{"line":1,"column":27}},"1":{"start":{"line":2,"column":0},"end":{"line":2,"column":54}},"2":{"start":{"line":3,"column":0},"end":{"line":3,"column":0}},"3":{"start":{"line":4,"column":0},"end":{"line":4,"column":5}},"4":{"start":{"line":5,"column":0},"end":{"line":5,"column":0}},"5":{"start":{"line":6,"column":0},"end":{"line":6,"column":68}},"6":{"start":{"line":7,"column":0},"end":{"line":7,"column":26}},"7":{"start":{"line":8,"column":0},"end":{"line":8,"column":18}},"8":{"start":{"line":9,"column":0},"end":{"line":9,"column":50}},"9":{"start":{"line":10,"column":0},"end":{"line":10,"column":9}},"10":{"start":{"line":11,"column":0},"end":{"line":11,"column":13}},"11":{"start":{"line":12,"column":0},"end":{"line":12,"column":56}},"12":{"start":{"line":13,"column":0},"end":{"line":13,"column":9}},"13":{"start":{"line":14,"column":0},"end":{"line":14,"column":5}},"14":{"start":{"line":15,"column":0},"end":{"line":15,"column":1}}},"s":{"0":1,"1":1,"2":11,"3":11,"4":1,"5":1,"6":11,"7":11,"8":0,"9":0,"10":11,"11":11,"12":11,"13":11,"14":1},"branchMap":{"0":{"type":"branch","line":2,"loc":{"start":{"line":2,"column":4},"end":{"line":4,"column":5}},"locations":[{"start":{"line":2,"column":4},"end":{"line":4,"column":5}}]},"1":{"type":"branch","line":6,"loc":{"start":{"line":6,"column":11},"end":{"line":14,"column":5}},"locations":[{"start":{"line":6,"column":11},"end":{"line":14,"column":5}}]},"2":{"type":"branch","line":8,"loc":{"start":{"line":8,"column":17},"end":{"line":10,"column":9}},"locations":[{"start":{"line":8,"column":17},"end":{"line":10,"column":9}}]}},"b":{"0":[11],"1":[11],"2":[0]},"fnMap":{"0":{"name":"UpdateTodoDto","decl":{"start":{"line":2,"column":4},"end":{"line":4,"column":5}},"loc":{"start":{"line":2,"column":4},"end":{"line":4,"column":5}},"line":2},"1":{"name":"create","decl":{"start":{"line":6,"column":11},"end":{"line":14,"column":5}},"loc":{"start":{"line":6,"column":11},"end":{"line":14,"column":5}},"line":6}},"f":{"0":11,"1":11}}
,"C:\\Git\\Node js\\07 rest-server\\src\\domain\\entities\\todo.entity.ts": {"path":"C:\\Git\\Node js\\07 rest-server\\src\\domain\\entities\\todo.entity.ts","all":false,"statementMap":{"0":{"start":{"line":1,"column":0},"end":{"line":1,"column":25}},"1":{"start":{"line":2,"column":0},"end":{"line":2,"column":34}},"2":{"start":{"line":3,"column":0},"end":{"line":3,"column":28}},"3":{"start":{"line":4,"column":0},"end":{"line":4,"column":30}},"4":{"start":{"line":5,"column":0},"end":{"line":5,"column":7}},"5":{"start":{"line":6,"column":0},"end":{"line":6,"column":0}},"6":{"start":{"line":7,"column":0},"end":{"line":7,"column":5}},"7":{"start":{"line":8,"column":0},"end":{"line":8,"column":0}},"8":{"start":{"line":9,"column":0},"end":{"line":9,"column":67}},"9":{"start":{"line":10,"column":0},"end":{"line":10,"column":41}},"10":{"start":{"line":11,"column":0},"end":{"line":11,"column":60}},"11":{"start":{"line":12,"column":0},"end":{"line":12,"column":5}},"12":{"start":{"line":13,"column":0},"end":{"line":13,"column":4}},"13":{"start":{"line":14,"column":0},"end":{"line":14,"column":1}}},"s":{"0":1,"1":1,"2":22,"3":22,"4":22,"5":22,"6":22,"7":1,"8":1,"9":9,"10":9,"11":9,"12":1,"13":1},"branchMap":{"0":{"type":"branch","line":2,"loc":{"start":{"line":2,"column":4},"end":{"line":7,"column":5}},"locations":[{"start":{"line":2,"column":4},"end":{"line":7,"column":5}}]},"1":{"type":"branch","line":9,"loc":{"start":{"line":9,"column":18},"end":{"line":12,"column":5}},"locations":[{"start":{"line":9,"column":18},"end":{"line":12,"column":5}}]}},"b":{"0":[22],"1":[9]},"fnMap":{"0":{"name":"TodoEntity","decl":{"start":{"line":2,"column":4},"end":{"line":7,"column":5}},"loc":{"start":{"line":2,"column":4},"end":{"line":7,"column":5}},"line":2},"1":{"name":"fromObject","decl":{"start":{"line":9,"column":18},"end":{"line":12,"column":5}},"loc":{"start":{"line":9,"column":18},"end":{"line":12,"column":5}},"line":9}},"f":{"0":22,"1":9}}
,"C:\\Git\\Node js\\07 rest-server\\src\\domain\\usecases\\create-todo.ts": {"path":"C:\\Git\\Node js\\07 rest-server\\src\\domain\\usecases\\create-todo.ts","all":false,"statementMap":{"0":{"start":{"line":1,"column":0},"end":{"line":1,"column":52}},"1":{"start":{"line":2,"column":0},"end":{"line":2,"column":53}},"2":{"start":{"line":3,"column":0},"end":{"line":3,"column":65}},"3":{"start":{"line":4,"column":0},"end":{"line":4,"column":0}},"4":{"start":{"line":5,"column":0},"end":{"line":5,"column":36}},"5":{"start":{"line":6,"column":0},"end":{"line":6,"column":52}},"6":{"start":{"line":7,"column":0},"end":{"line":7,"column":1}},"7":{"start":{"line":8,"column":0},"end":{"line":8,"column":0}},"8":{"start":{"line":9,"column":0},"end":{"line":9,"column":54}},"9":{"start":{"line":10,"column":0},"end":{"line":10,"column":62}},"10":{"start":{"line":11,"column":0},"end":{"line":11,"column":0}},"11":{"start":{"line":12,"column":0},"end":{"line":12,"column":5}},"12":{"start":{"line":13,"column":0},"end":{"line":13,"column":0}},"13":{"start":{"line":14,"column":0},"end":{"line":14,"column":60}},"14":{"start":{"line":15,"column":0},"end":{"line":15,"column":48}},"15":{"start":{"line":16,"column":0},"end":{"line":16,"column":5}},"16":{"start":{"line":17,"column":0},"end":{"line":17,"column":1}}},"s":{"0":1,"1":1,"2":1,"3":1,"4":1,"5":1,"6":1,"7":1,"8":1,"9":1,"10":2,"11":2,"12":1,"13":1,"14":2,"15":2,"16":1},"branchMap":{"0":{"type":"branch","line":10,"loc":{"start":{"line":10,"column":4},"end":{"line":12,"column":5}},"locations":[{"start":{"line":10,"column":4},"end":{"line":12,"column":5}}]},"1":{"type":"branch","line":14,"loc":{"start":{"line":14,"column":10},"end":{"line":16,"column":5}},"locations":[{"start":{"line":14,"column":10},"end":{"line":16,"column":5}}]}},"b":{"0":[2],"1":[2]},"fnMap":{"0":{"name":"CreateTodo","decl":{"start":{"line":10,"column":4},"end":{"line":12,"column":5}},"loc":{"start":{"line":10,"column":4},"end":{"line":12,"column":5}},"line":10},"1":{"name":"execute","decl":{"start":{"line":14,"column":10},"end":{"line":16,"column":5}},"loc":{"start":{"line":14,"column":10},"end":{"line":16,"column":5}},"line":14}},"f":{"0":2,"1":2}}
,"C:\\Git\\Node js\\07 rest-server\\src\\domain\\usecases\\delete-todo.ts": {"path":"C:\\Git\\Node js\\07 rest-server\\src\\domain\\usecases\\delete-todo.ts","all":false,"statementMap":{"0":{"start":{"line":1,"column":0},"end":{"line":1,"column":53}},"1":{"start":{"line":2,"column":0},"end":{"line":2,"column":65}},"2":{"start":{"line":3,"column":0},"end":{"line":3,"column":0}},"3":{"start":{"line":4,"column":0},"end":{"line":4,"column":35}},"4":{"start":{"line":5,"column":0},"end":{"line":5,"column":56}},"5":{"start":{"line":6,"column":0},"end":{"line":6,"column":1}},"6":{"start":{"line":7,"column":0},"end":{"line":7,"column":0}},"7":{"start":{"line":8,"column":0},"end":{"line":8,"column":53}},"8":{"start":{"line":9,"column":0},"end":{"line":9,"column":61}},"9":{"start":{"line":10,"column":0},"end":{"line":10,"column":0}},"10":{"start":{"line":11,"column":0},"end":{"line":11,"column":5}},"11":{"start":{"line":12,"column":0},"end":{"line":12,"column":0}},"12":{"start":{"line":13,"column":0},"end":{"line":13,"column":63}},"13":{"start":{"line":14,"column":0},"end":{"line":14,"column":47}},"14":{"start":{"line":15,"column":0},"end":{"line":15,"column":5}},"15":{"start":{"line":16,"column":0},"end":{"line":16,"column":1}}},"s":{"0":1,"1":1,"2":1,"3":1,"4":1,"5":1,"6":1,"7":1,"8":1,"9":2,"10":2,"11":1,"12":1,"13":2,"14":2,"15":1},"branchMap":{"0":{"type":"branch","line":9,"loc":{"start":{"line":9,"column":4},"end":{"line":11,"column":5}},"locations":[{"start":{"line":9,"column":4},"end":{"line":11,"column":5}}]},"1":{"type":"branch","line":13,"loc":{"start":{"line":13,"column":10},"end":{"line":15,"column":5}},"locations":[{"start":{"line":13,"column":10},"end":{"line":15,"column":5}}]}},"b":{"0":[2],"1":[2]},"fnMap":{"0":{"name":"DeleteTodo","decl":{"start":{"line":9,"column":4},"end":{"line":11,"column":5}},"loc":{"start":{"line":9,"column":4},"end":{"line":11,"column":5}},"line":9},"1":{"name":"execute","decl":{"start":{"line":13,"column":10},"end":{"line":15,"column":5}},"loc":{"start":{"line":13,"column":10},"end":{"line":15,"column":5}},"line":13}},"f":{"0":2,"1":2}}
,"C:\\Git\\Node js\\07 rest-server\\src\\domain\\usecases\\get-todo.ts": {"path":"C:\\Git\\Node js\\07 rest-server\\src\\domain\\usecases\\get-todo.ts","all":false,"statementMap":{"0":{"start":{"line":1,"column":0},"end":{"line":1,"column":53}},"1":{"start":{"line":2,"column":0},"end":{"line":2,"column":65}},"2":{"start":{"line":3,"column":0},"end":{"line":3,"column":0}},"3":{"start":{"line":4,"column":0},"end":{"line":4,"column":32}},"4":{"start":{"line":5,"column":0},"end":{"line":5,"column":57}},"5":{"start":{"line":6,"column":0},"end":{"line":6,"column":1}},"6":{"start":{"line":7,"column":0},"end":{"line":7,"column":0}},"7":{"start":{"line":8,"column":0},"end":{"line":8,"column":47}},"8":{"start":{"line":9,"column":0},"end":{"line":9,"column":61}},"9":{"start":{"line":10,"column":0},"end":{"line":10,"column":0}},"10":{"start":{"line":11,"column":0},"end":{"line":11,"column":5}},"11":{"start":{"line":12,"column":0},"end":{"line":12,"column":0}},"12":{"start":{"line":13,"column":0},"end":{"line":13,"column":63}},"13":{"start":{"line":14,"column":0},"end":{"line":14,"column":44}},"14":{"start":{"line":15,"column":0},"end":{"line":15,"column":5}},"15":{"start":{"line":16,"column":0},"end":{"line":16,"column":1}}},"s":{"0":1,"1":1,"2":1,"3":1,"4":1,"5":1,"6":1,"7":1,"8":1,"9":4,"10":4,"11":1,"12":1,"13":4,"14":4,"15":1},"branchMap":{"0":{"type":"branch","line":9,"loc":{"start":{"line":9,"column":4},"end":{"line":11,"column":5}},"locations":[{"start":{"line":9,"column":4},"end":{"line":11,"column":5}}]},"1":{"type":"branch","line":13,"loc":{"start":{"line":13,"column":10},"end":{"line":15,"column":5}},"locations":[{"start":{"line":13,"column":10},"end":{"line":15,"column":5}}]}},"b":{"0":[4],"1":[4]},"fnMap":{"0":{"name":"GetTodo","decl":{"start":{"line":9,"column":4},"end":{"line":11,"column":5}},"loc":{"start":{"line":9,"column":4},"end":{"line":11,"column":5}},"line":9},"1":{"name":"execute","decl":{"start":{"line":13,"column":10},"end":{"line":15,"column":5}},"loc":{"start":{"line":13,"column":10},"end":{"line":15,"column":5}},"line":13}},"f":{"0":4,"1":4}}
,"C:\\Git\\Node js\\07 rest-server\\src\\domain\\usecases\\list-todos.ts": {"path":"C:\\Git\\Node js\\07 rest-server\\src\\domain\\usecases\\list-todos.ts","all":false,"statementMap":{"0":{"start":{"line":1,"column":0},"end":{"line":1,"column":53}},"1":{"start":{"line":2,"column":0},"end":{"line":2,"column":65}},"2":{"start":{"line":3,"column":0},"end":{"line":3,"column":0}},"3":{"start":{"line":4,"column":0},"end":{"line":4,"column":33}},"4":{"start":{"line":5,"column":0},"end":{"line":5,"column":37}},"5":{"start":{"line":6,"column":0},"end":{"line":6,"column":1}},"6":{"start":{"line":7,"column":0},"end":{"line":7,"column":0}},"7":{"start":{"line":8,"column":0},"end":{"line":8,"column":49}},"8":{"start":{"line":9,"column":0},"end":{"line":9,"column":61}},"9":{"start":{"line":10,"column":0},"end":{"line":10,"column":0}},"10":{"start":{"line":11,"column":0},"end":{"line":11,"column":5}},"11":{"start":{"line":12,"column":0},"end":{"line":12,"column":0}},"12":{"start":{"line":13,"column":0},"end":{"line":13,"column":44}},"13":{"start":{"line":14,"column":0},"end":{"line":14,"column":43}},"14":{"start":{"line":15,"column":0},"end":{"line":15,"column":5}},"15":{"start":{"line":16,"column":0},"end":{"line":16,"column":1}}},"s":{"0":1,"1":1,"2":1,"3":1,"4":1,"5":1,"6":1,"7":1,"8":1,"9":2,"10":2,"11":1,"12":1,"13":2,"14":2,"15":1},"branchMap":{"0":{"type":"branch","line":9,"loc":{"start":{"line":9,"column":4},"end":{"line":11,"column":5}},"locations":[{"start":{"line":9,"column":4},"end":{"line":11,"column":5}}]},"1":{"type":"branch","line":13,"loc":{"start":{"line":13,"column":10},"end":{"line":15,"column":5}},"locations":[{"start":{"line":13,"column":10},"end":{"line":15,"column":5}}]}},"b":{"0":[2],"1":[2]},"fnMap":{"0":{"name":"ListTodo","decl":{"start":{"line":9,"column":4},"end":{"line":11,"column":5}},"loc":{"start":{"line":9,"column":4},"end":{"line":11,"column":5}},"line":9},"1":{"name":"execute","decl":{"start":{"line":13,"column":10},"end":{"line":15,"column":5}},"loc":{"start":{"line":13,"column":10},"end":{"line":15,"column":5}},"line":13}},"f":{"0":2,"1":2}}
,"C:\\Git\\Node js\\07 rest-server\\src\\domain\\usecases\\update-todo.ts": {"path":"C:\\Git\\Node js\\07 rest-server\\src\\domain\\usecases\\update-todo.ts","all":false,"statementMap":{"0":{"start":{"line":1,"column":0},"end":{"line":1,"column":52}},"1":{"start":{"line":2,"column":0},"end":{"line":2,"column":53}},"2":{"start":{"line":3,"column":0},"end":{"line":3,"column":65}},"3":{"start":{"line":4,"column":0},"end":{"line":4,"column":0}},"4":{"start":{"line":5,"column":0},"end":{"line":5,"column":35}},"5":{"start":{"line":6,"column":0},"end":{"line":6,"column":64}},"6":{"start":{"line":7,"column":0},"end":{"line":7,"column":1}},"7":{"start":{"line":8,"column":0},"end":{"line":8,"column":0}},"8":{"start":{"line":9,"column":0},"end":{"line":9,"column":53}},"9":{"start":{"line":10,"column":0},"end":{"line":10,"column":61}},"10":{"start":{"line":11,"column":0},"end":{"line":11,"column":0}},"11":{"start":{"line":12,"column":0},"end":{"line":12,"column":5}},"12":{"start":{"line":13,"column":0},"end":{"line":13,"column":0}},"13":{"start":{"line":14,"column":0},"end":{"line":14,"column":71}},"14":{"start":{"line":15,"column":0},"end":{"line":15,"column":52}},"15":{"start":{"line":16,"column":0},"end":{"line":16,"column":5}},"16":{"start":{"line":17,"column":0},"end":{"line":17,"column":1}}},"s":{"0":1,"1":1,"2":1,"3":1,"4":1,"5":1,"6":1,"7":1,"8":1,"9":1,"10":2,"11":2,"12":1,"13":1,"14":2,"15":2,"16":1},"branchMap":{"0":{"type":"branch","line":10,"loc":{"start":{"line":10,"column":4},"end":{"line":12,"column":5}},"locations":[{"start":{"line":10,"column":4},"end":{"line":12,"column":5}}]},"1":{"type":"branch","line":14,"loc":{"start":{"line":14,"column":10},"end":{"line":16,"column":5}},"locations":[{"start":{"line":14,"column":10},"end":{"line":16,"column":5}}]}},"b":{"0":[2],"1":[2]},"fnMap":{"0":{"name":"UpdateTodo","decl":{"start":{"line":10,"column":4},"end":{"line":12,"column":5}},"loc":{"start":{"line":10,"column":4},"end":{"line":12,"column":5}},"line":10},"1":{"name":"execute","decl":{"start":{"line":14,"column":10},"end":{"line":16,"column":5}},"loc":{"start":{"line":14,"column":10},"end":{"line":16,"column":5}},"line":14}},"f":{"0":2,"1":2}}
,"C:\\Git\\Node js\\07 rest-server\\src\\infraestructure\\datasource\\todo.datasource.implementation.ts": {"path":"C:\\Git\\Node js\\07 rest-server\\src\\infraestructure\\datasource\\todo.datasource.implementation.ts","all":false,"statementMap":{"0":{"start":{"line":1,"column":0},"end":{"line":1,"column":45}},"1":{"start":{"line":2,"column":0},"end":{"line":2,"column":74}},"2":{"start":{"line":3,"column":0},"end":{"line":3,"column":62}},"3":{"start":{"line":4,"column":0},"end":{"line":4,"column":62}},"4":{"start":{"line":5,"column":0},"end":{"line":5,"column":63}},"5":{"start":{"line":6,"column":0},"end":{"line":6,"column":0}},"6":{"start":{"line":7,"column":0},"end":{"line":7,"column":69}},"7":{"start":{"line":8,"column":0},"end":{"line":8,"column":69}},"8":{"start":{"line":9,"column":0},"end":{"line":9,"column":50}},"9":{"start":{"line":10,"column":0},"end":{"line":10,"column":19}},"10":{"start":{"line":11,"column":0},"end":{"line":11,"column":41}},"11":{"start":{"line":12,"column":0},"end":{"line":12,"column":37}},"12":{"start":{"line":13,"column":0},"end":{"line":13,"column":13}},"13":{"start":{"line":14,"column":0},"end":{"line":14,"column":10}},"14":{"start":{"line":15,"column":0},"end":{"line":15,"column":0}},"15":{"start":{"line":16,"column":0},"end":{"line":16,"column":45}},"16":{"start":{"line":17,"column":0},"end":{"line":17,"column":5}},"17":{"start":{"line":18,"column":0},"end":{"line":18,"column":81}},"18":{"start":{"line":19,"column":0},"end":{"line":19,"column":54}},"19":{"start":{"line":20,"column":0},"end":{"line":20,"column":20}},"20":{"start":{"line":21,"column":0},"end":{"line":21,"column":22}},"21":{"start":{"line":22,"column":0},"end":{"line":22,"column":14}},"22":{"start":{"line":23,"column":0},"end":{"line":23,"column":0}},"23":{"start":{"line":24,"column":0},"end":{"line":24,"column":19}},"24":{"start":{"line":25,"column":0},"end":{"line":25,"column":40}},"25":{"start":{"line":26,"column":0},"end":{"line":26,"column":13}},"26":{"start":{"line":27,"column":0},"end":{"line":27,"column":10}},"27":{"start":{"line":28,"column":0},"end":{"line":28,"column":0}},"28":{"start":{"line":29,"column":0},"end":{"line":29,"column":51}},"29":{"start":{"line":30,"column":0},"end":{"line":30,"column":5}},"30":{"start":{"line":31,"column":0},"end":{"line":31,"column":63}},"31":{"start":{"line":32,"column":0},"end":{"line":32,"column":13}},"32":{"start":{"line":33,"column":0},"end":{"line":33,"column":0}},"33":{"start":{"line":34,"column":0},"end":{"line":34,"column":57}},"34":{"start":{"line":35,"column":0},"end":{"line":35,"column":24}},"35":{"start":{"line":36,"column":0},"end":{"line":36,"column":27}},"36":{"start":{"line":37,"column":0},"end":{"line":37,"column":18}},"37":{"start":{"line":38,"column":0},"end":{"line":38,"column":14}},"38":{"start":{"line":39,"column":0},"end":{"line":39,"column":0}},"39":{"start":{"line":40,"column":0},"end":{"line":40,"column":27}},"40":{"start":{"line":41,"column":0},"end":{"line":41,"column":56}},"41":{"start":{"line":42,"column":0},"end":{"line":42,"column":13}},"42":{"start":{"line":43,"column":0},"end":{"line":43,"column":17}},"43":{"start":{"line":44,"column":0},"end":{"line":44,"column":32}},"44":{"start":{"line":45,"column":0},"end":{"line":45,"column":13}},"45":{"start":{"line":46,"column":0},"end":{"line":46,"column":0}},"46":{"start":{"line":47,"column":0},"end":{"line":47,"column":25}},"47":{"start":{"line":48,"column":0},"end":{"line":48,"column":29}},"48":{"start":{"line":49,"column":0},"end":{"line":49,"column":9}},"49":{"start":{"line":50,"column":0},"end":{"line":50,"column":5}},"50":{"start":{"line":51,"column":0},"end":{"line":51,"column":0}},"51":{"start":{"line":52,"column":0},"end":{"line":52,"column":60}},"52":{"start":{"line":53,"column":0},"end":{"line":53,"column":50}},"53":{"start":{"line":54,"column":0},"end":{"line":54,"column":20}},"54":{"start":{"line":55,"column":0},"end":{"line":55,"column":22}},"55":{"start":{"line":56,"column":0},"end":{"line":56,"column":13}},"56":{"start":{"line":57,"column":0},"end":{"line":57,"column":10}},"57":{"start":{"line":58,"column":0},"end":{"line":58,"column":19}},"58":{"start":{"line":59,"column":0},"end":{"line":59,"column":46}},"59":{"start":{"line":60,"column":0},"end":{"line":60,"column":9}},"60":{"start":{"line":61,"column":0},"end":{"line":61,"column":14}},"61":{"start":{"line":62,"column":0},"end":{"line":62,"column":28}},"62":{"start":{"line":63,"column":0},"end":{"line":63,"column":9}},"63":{"start":{"line":64,"column":0},"end":{"line":64,"column":0}},"64":{"start":{"line":65,"column":0},"end":{"line":65,"column":5}},"65":{"start":{"line":66,"column":0},"end":{"line":66,"column":41}},"66":{"start":{"line":67,"column":0},"end":{"line":67,"column":50}},"67":{"start":{"line":68,"column":0},"end":{"line":68,"column":76}},"68":{"start":{"line":69,"column":0},"end":{"line":69,"column":26}},"69":{"start":{"line":70,"column":0},"end":{"line":70,"column":5}},"70":{"start":{"line":71,"column":0},"end":{"line":71,"column":0}},"71":{"start":{"line":72,"column":0},"end":{"line":72,"column":1}}},"s":{"0":1,"1":1,"2":1,"3":1,"4":1,"5":1,"6":1,"7":1,"8":1,"9":1,"10":1,"11":1,"12":1,"13":1,"14":1,"15":1,"16":1,"17":1,"18":1,"19":1,"20":1,"21":1,"22":1,"23":1,"24":1,"25":1,"26":1,"27":1,"28":1,"29":1,"30":1,"31":1,"32":1,"33":1,"34":1,"35":1,"36":1,"37":1,"38":1,"39":1,"40":1,"41":1,"42":0,"43":0,"44":0,"45":1,"46":1,"47":0,"48":0,"49":1,"50":1,"51":1,"52":3,"53":3,"54":3,"55":3,"56":3,"57":3,"58":3,"59":3,"60":0,"61":0,"62":0,"63":3,"64":3,"65":1,"66":1,"67":1,"68":1,"69":1,"70":1,"71":1},"branchMap":{"0":{"type":"branch","line":8,"loc":{"start":{"line":8,"column":10},"end":{"line":17,"column":5}},"locations":[{"start":{"line":8,"column":10},"end":{"line":17,"column":5}}]},"1":{"type":"branch","line":18,"loc":{"start":{"line":18,"column":10},"end":{"line":30,"column":5}},"locations":[{"start":{"line":18,"column":10},"end":{"line":30,"column":5}}]},"2":{"type":"branch","line":31,"loc":{"start":{"line":31,"column":10},"end":{"line":50,"column":5}},"locations":[{"start":{"line":31,"column":10},"end":{"line":50,"column":5}}]},"3":{"type":"branch","line":43,"loc":{"start":{"line":43,"column":-2},"end":{"line":45,"column":13}},"locations":[{"start":{"line":43,"column":-2},"end":{"line":45,"column":13}}]},"4":{"type":"branch","line":47,"loc":{"start":{"line":47,"column":10},"end":{"line":49,"column":9}},"locations":[{"start":{"line":47,"column":10},"end":{"line":49,"column":9}}]},"5":{"type":"branch","line":52,"loc":{"start":{"line":52,"column":10},"end":{"line":65,"column":5}},"locations":[{"start":{"line":52,"column":10},"end":{"line":65,"column":5}}]},"6":{"type":"branch","line":61,"loc":{"start":{"line":61,"column":-2},"end":{"line":63,"column":9}},"locations":[{"start":{"line":61,"column":-2},"end":{"line":63,"column":9}}]},"7":{"type":"branch","line":66,"loc":{"start":{"line":66,"column":10},"end":{"line":70,"column":5}},"locations":[{"start":{"line":66,"column":10},"end":{"line":70,"column":5}}]},"8":{"type":"branch","line":68,"loc":{"start":{"line":68,"column":38},"end":{"line":68,"column":75}},"locations":[{"start":{"line":68,"column":38},"end":{"line":68,"column":75}}]}},"b":{"0":[1],"1":[1],"2":[1],"3":[0],"4":[0],"5":[3],"6":[0],"7":[1],"8":[2]},"fnMap":{"0":{"name":"create","decl":{"start":{"line":8,"column":10},"end":{"line":17,"column":5}},"loc":{"start":{"line":8,"column":10},"end":{"line":17,"column":5}},"line":8},"1":{"name":"update","decl":{"start":{"line":18,"column":10},"end":{"line":30,"column":5}},"loc":{"start":{"line":18,"column":10},"end":{"line":30,"column":5}},"line":18},"2":{"name":"delete","decl":{"start":{"line":31,"column":10},"end":{"line":50,"column":5}},"loc":{"start":{"line":31,"column":10},"end":{"line":50,"column":5}},"line":31},"3":{"name":"get","decl":{"start":{"line":52,"column":10},"end":{"line":65,"column":5}},"loc":{"start":{"line":52,"column":10},"end":{"line":65,"column":5}},"line":52},"4":{"name":"list","decl":{"start":{"line":66,"column":10},"end":{"line":70,"column":5}},"loc":{"start":{"line":66,"column":10},"end":{"line":70,"column":5}},"line":66}},"f":{"0":1,"1":1,"2":1,"3":3,"4":1}}
,"C:\\Git\\Node js\\07 rest-server\\src\\infraestructure\\repositories\\todo.repository.implementation.ts": {"path":"C:\\Git\\Node js\\07 rest-server\\src\\infraestructure\\repositories\\todo.repository.implementation.ts","all":false,"statementMap":{"0":{"start":{"line":1,"column":0},"end":{"line":1,"column":74}},"1":{"start":{"line":2,"column":0},"end":{"line":2,"column":62}},"2":{"start":{"line":3,"column":0},"end":{"line":3,"column":62}},"3":{"start":{"line":4,"column":0},"end":{"line":4,"column":63}},"4":{"start":{"line":5,"column":0},"end":{"line":5,"column":75}},"5":{"start":{"line":6,"column":0},"end":{"line":6,"column":0}},"6":{"start":{"line":7,"column":0},"end":{"line":7,"column":68}},"7":{"start":{"line":8,"column":0},"end":{"line":8,"column":65}},"8":{"start":{"line":9,"column":0},"end":{"line":9,"column":0}},"9":{"start":{"line":10,"column":0},"end":{"line":10,"column":5}},"10":{"start":{"line":11,"column":0},"end":{"line":11,"column":0}},"11":{"start":{"line":12,"column":0},"end":{"line":12,"column":69}},"12":{"start":{"line":13,"column":0},"end":{"line":13,"column":56}},"13":{"start":{"line":14,"column":0},"end":{"line":14,"column":5}},"14":{"start":{"line":15,"column":0},"end":{"line":15,"column":81}},"15":{"start":{"line":16,"column":0},"end":{"line":16,"column":60}},"16":{"start":{"line":17,"column":0},"end":{"line":17,"column":5}},"17":{"start":{"line":18,"column":0},"end":{"line":18,"column":63}},"18":{"start":{"line":19,"column":0},"end":{"line":19,"column":44}},"19":{"start":{"line":20,"column":0},"end":{"line":20,"column":5}},"20":{"start":{"line":21,"column":0},"end":{"line":21,"column":60}},"21":{"start":{"line":22,"column":0},"end":{"line":22,"column":42}},"22":{"start":{"line":23,"column":0},"end":{"line":23,"column":5}},"23":{"start":{"line":24,"column":0},"end":{"line":24,"column":41}},"24":{"start":{"line":25,"column":0},"end":{"line":25,"column":40}},"25":{"start":{"line":26,"column":0},"end":{"line":26,"column":5}},"26":{"start":{"line":27,"column":0},"end":{"line":27,"column":0}},"27":{"start":{"line":28,"column":0},"end":{"line":28,"column":1}}},"s":{"0":1,"1":1,"2":1,"3":1,"4":1,"5":1,"6":1,"7":1,"8":7,"9":7,"10":1,"11":1,"12":2,"13":2,"14":1,"15":2,"16":2,"17":1,"18":2,"19":2,"20":1,"21":4,"22":4,"23":1,"24":2,"25":2,"26":1,"27":1},"branchMap":{"0":{"type":"branch","line":8,"loc":{"start":{"line":8,"column":4},"end":{"line":10,"column":5}},"locations":[{"start":{"line":8,"column":4},"end":{"line":10,"column":5}}]},"1":{"type":"branch","line":12,"loc":{"start":{"line":12,"column":10},"end":{"line":14,"column":5}},"locations":[{"start":{"line":12,"column":10},"end":{"line":14,"column":5}}]},"2":{"type":"branch","line":15,"loc":{"start":{"line":15,"column":10},"end":{"line":17,"column":5}},"locations":[{"start":{"line":15,"column":10},"end":{"line":17,"column":5}}]},"3":{"type":"branch","line":18,"loc":{"start":{"line":18,"column":10},"end":{"line":20,"column":5}},"locations":[{"start":{"line":18,"column":10},"end":{"line":20,"column":5}}]},"4":{"type":"branch","line":21,"loc":{"start":{"line":21,"column":10},"end":{"line":23,"column":5}},"locations":[{"start":{"line":21,"column":10},"end":{"line":23,"column":5}}]},"5":{"type":"branch","line":24,"loc":{"start":{"line":24,"column":10},"end":{"line":26,"column":5}},"locations":[{"start":{"line":24,"column":10},"end":{"line":26,"column":5}}]}},"b":{"0":[7],"1":[2],"2":[2],"3":[2],"4":[4],"5":[2]},"fnMap":{"0":{"name":"TodoRepositoryImplementation","decl":{"start":{"line":8,"column":4},"end":{"line":10,"column":5}},"loc":{"start":{"line":8,"column":4},"end":{"line":10,"column":5}},"line":8},"1":{"name":"create","decl":{"start":{"line":12,"column":10},"end":{"line":14,"column":5}},"loc":{"start":{"line":12,"column":10},"end":{"line":14,"column":5}},"line":12},"2":{"name":"update","decl":{"start":{"line":15,"column":10},"end":{"line":17,"column":5}},"loc":{"start":{"line":15,"column":10},"end":{"line":17,"column":5}},"line":15},"3":{"name":"delete","decl":{"start":{"line":18,"column":10},"end":{"line":20,"column":5}},"loc":{"start":{"line":18,"column":10},"end":{"line":20,"column":5}},"line":18},"4":{"name":"get","decl":{"start":{"line":21,"column":10},"end":{"line":23,"column":5}},"loc":{"start":{"line":21,"column":10},"end":{"line":23,"column":5}},"line":21},"5":{"name":"list","decl":{"start":{"line":24,"column":10},"end":{"line":26,"column":5}},"loc":{"start":{"line":24,"column":10},"end":{"line":26,"column":5}},"line":24}},"f":{"0":7,"1":2,"2":2,"3":2,"4":4,"5":2}}
,"C:\\Git\\Node js\\07 rest-server\\src\\presentation\\routes.ts": {"path":"C:\\Git\\Node js\\07 rest-server\\src\\presentation\\routes.ts","all":false,"statementMap":{"0":{"start":{"line":1,"column":0},"end":{"line":1,"column":33}},"1":{"start":{"line":2,"column":0},"end":{"line":2,"column":59}},"2":{"start":{"line":3,"column":0},"end":{"line":3,"column":43}},"3":{"start":{"line":4,"column":0},"end":{"line":4,"column":108}},"4":{"start":{"line":5,"column":0},"end":{"line":5,"column":72}},"5":{"start":{"line":6,"column":0},"end":{"line":6,"column":110}},"6":{"start":{"line":7,"column":0},"end":{"line":7,"column":0}},"7":{"start":{"line":8,"column":0},"end":{"line":8,"column":24}},"8":{"start":{"line":9,"column":0},"end":{"line":9,"column":37}},"9":{"start":{"line":10,"column":0},"end":{"line":10,"column":39}},"10":{"start":{"line":11,"column":0},"end":{"line":11,"column":0}},"11":{"start":{"line":12,"column":0},"end":{"line":12,"column":51}},"12":{"start":{"line":13,"column":0},"end":{"line":13,"column":0}},"13":{"start":{"line":14,"column":0},"end":{"line":14,"column":21}},"14":{"start":{"line":15,"column":0},"end":{"line":15,"column":5}},"15":{"start":{"line":16,"column":0},"end":{"line":16,"column":1}}},"s":{"0":1,"1":1,"2":1,"3":1,"4":1,"5":1,"6":1,"7":1,"8":1,"9":2,"10":2,"11":2,"12":2,"13":2,"14":2,"15":1},"branchMap":{"0":{"type":"branch","line":9,"loc":{"start":{"line":9,"column":10},"end":{"line":15,"column":5}},"locations":[{"start":{"line":9,"column":10},"end":{"line":15,"column":5}}]}},"b":{"0":[2]},"fnMap":{"0":{"name":"get routes","decl":{"start":{"line":9,"column":10},"end":{"line":15,"column":5}},"loc":{"start":{"line":9,"column":10},"end":{"line":15,"column":5}},"line":9}},"f":{"0":2}}
,"C:\\Git\\Node js\\07 rest-server\\src\\presentation\\server.ts": {"path":"C:\\Git\\Node js\\07 rest-server\\src\\presentation\\server.ts","all":false,"statementMap":{"0":{"start":{"line":1,"column":0},"end":{"line":1,"column":47}},"1":{"start":{"line":2,"column":0},"end":{"line":2,"column":23}},"2":{"start":{"line":3,"column":0},"end":{"line":3,"column":0}},"3":{"start":{"line":4,"column":0},"end":{"line":4,"column":19}},"4":{"start":{"line":5,"column":0},"end":{"line":5,"column":17}},"5":{"start":{"line":6,"column":0},"end":{"line":6,"column":18}},"6":{"start":{"line":7,"column":0},"end":{"line":7,"column":1}},"7":{"start":{"line":8,"column":0},"end":{"line":8,"column":0}},"8":{"start":{"line":9,"column":0},"end":{"line":9,"column":21}},"9":{"start":{"line":10,"column":0},"end":{"line":10,"column":51}},"10":{"start":{"line":11,"column":0},"end":{"line":11,"column":0}},"11":{"start":{"line":12,"column":0},"end":{"line":12,"column":5}},"12":{"start":{"line":13,"column":0},"end":{"line":13,"column":26}},"13":{"start":{"line":14,"column":0},"end":{"line":14,"column":33}},"14":{"start":{"line":15,"column":0},"end":{"line":15,"column":4}},"15":{"start":{"line":16,"column":0},"end":{"line":16,"column":19}},"16":{"start":{"line":17,"column":0},"end":{"line":17,"column":38}},"17":{"start":{"line":18,"column":0},"end":{"line":18,"column":36}},"18":{"start":{"line":19,"column":0},"end":{"line":19,"column":42}},"19":{"start":{"line":20,"column":0},"end":{"line":20,"column":41}},"20":{"start":{"line":21,"column":0},"end":{"line":21,"column":72}},"21":{"start":{"line":22,"column":0},"end":{"line":22,"column":52}},"22":{"start":{"line":23,"column":0},"end":{"line":23,"column":10}},"23":{"start":{"line":24,"column":0},"end":{"line":24,"column":5}},"24":{"start":{"line":25,"column":0},"end":{"line":25,"column":0}},"25":{"start":{"line":26,"column":0},"end":{"line":26,"column":18}},"26":{"start":{"line":27,"column":0},"end":{"line":27,"column":36}},"27":{"start":{"line":28,"column":0},"end":{"line":28,"column":5}},"28":{"start":{"line":29,"column":0},"end":{"line":29,"column":0}},"29":{"start":{"line":30,"column":0},"end":{"line":30,"column":4}},"30":{"start":{"line":31,"column":0},"end":{"line":31,"column":1}}},"s":{"0":1,"1":1,"2":1,"3":1,"4":1,"5":1,"6":1,"7":1,"8":1,"9":1,"10":1,"11":1,"12":1,"13":1,"14":1,"15":1,"16":1,"17":1,"18":1,"19":1,"20":1,"21":1,"22":1,"23":1,"24":1,"25":1,"26":1,"27":1,"28":1,"29":1,"30":1},"branchMap":{"0":{"type":"branch","line":10,"loc":{"start":{"line":10,"column":4},"end":{"line":12,"column":5}},"locations":[{"start":{"line":10,"column":4},"end":{"line":12,"column":5}}]},"1":{"type":"branch","line":16,"loc":{"start":{"line":16,"column":10},"end":{"line":24,"column":5}},"locations":[{"start":{"line":16,"column":10},"end":{"line":24,"column":5}}]},"2":{"type":"branch","line":21,"loc":{"start":{"line":21,"column":65},"end":{"line":23,"column":9}},"locations":[{"start":{"line":21,"column":65},"end":{"line":23,"column":9}}]},"3":{"type":"branch","line":26,"loc":{"start":{"line":26,"column":10},"end":{"line":28,"column":5}},"locations":[{"start":{"line":26,"column":10},"end":{"line":28,"column":5}}]},"4":{"type":"branch","line":27,"loc":{"start":{"line":27,"column":27},"end":{"line":27,"column":29}},"locations":[{"start":{"line":27,"column":27},"end":{"line":27,"column":29}}]}},"b":{"0":[1],"1":[1],"2":[1],"3":[1],"4":[0]},"fnMap":{"0":{"name":"Server","decl":{"start":{"line":10,"column":4},"end":{"line":12,"column":5}},"loc":{"start":{"line":10,"column":4},"end":{"line":12,"column":5}},"line":10},"1":{"name":"start","decl":{"start":{"line":16,"column":10},"end":{"line":24,"column":5}},"loc":{"start":{"line":16,"column":10},"end":{"line":24,"column":5}},"line":16},"2":{"name":"close","decl":{"start":{"line":26,"column":10},"end":{"line":28,"column":5}},"loc":{"start":{"line":26,"column":10},"end":{"line":28,"column":5}},"line":26}},"f":{"0":1,"1":1,"2":1}}
,"C:\\Git\\Node js\\07 rest-server\\src\\presentation\\todo_routes.ts": {"path":"C:\\Git\\Node js\\07 rest-server\\src\\presentation\\todo_routes.ts","all":false,"statementMap":{"0":{"start":{"line":1,"column":0},"end":{"line":1,"column":32}},"1":{"start":{"line":2,"column":0},"end":{"line":2,"column":58}},"2":{"start":{"line":3,"column":0},"end":{"line":3,"column":107}},"3":{"start":{"line":4,"column":0},"end":{"line":4,"column":109}},"4":{"start":{"line":5,"column":0},"end":{"line":5,"column":0}},"5":{"start":{"line":6,"column":0},"end":{"line":6,"column":25}},"6":{"start":{"line":7,"column":0},"end":{"line":7,"column":32}},"7":{"start":{"line":8,"column":0},"end":{"line":8,"column":39}},"8":{"start":{"line":9,"column":0},"end":{"line":9,"column":65}},"9":{"start":{"line":10,"column":0},"end":{"line":10,"column":79}},"10":{"start":{"line":11,"column":0},"end":{"line":11,"column":66}},"11":{"start":{"line":12,"column":0},"end":{"line":12,"column":8}},"12":{"start":{"line":13,"column":0},"end":{"line":13,"column":48}},"13":{"start":{"line":14,"column":0},"end":{"line":14,"column":54}},"14":{"start":{"line":15,"column":0},"end":{"line":15,"column":57}},"15":{"start":{"line":16,"column":0},"end":{"line":16,"column":56}},"16":{"start":{"line":17,"column":0},"end":{"line":17,"column":63}},"17":{"start":{"line":18,"column":0},"end":{"line":18,"column":21}},"18":{"start":{"line":19,"column":0},"end":{"line":19,"column":5}},"19":{"start":{"line":20,"column":0},"end":{"line":20,"column":1}}},"s":{"0":1,"1":1,"2":1,"3":1,"4":1,"5":1,"6":1,"7":2,"8":2,"9":2,"10":2,"11":2,"12":2,"13":2,"14":2,"15":2,"16":2,"17":2,"18":2,"19":1},"branchMap":{"0":{"type":"branch","line":7,"loc":{"start":{"line":7,"column":10},"end":{"line":19,"column":5}},"locations":[{"start":{"line":7,"column":10},"end":{"line":19,"column":5}}]}},"b":{"0":[2]},"fnMap":{"0":{"name":"get routes","decl":{"start":{"line":7,"column":10},"end":{"line":19,"column":5}},"loc":{"start":{"line":7,"column":10},"end":{"line":19,"column":5}},"line":7}},"f":{"0":2}}
,"C:\\Git\\Node js\\07 rest-server\\src\\presentation\\todos\\todos_controller.ts": {"path":"C:\\Git\\Node js\\07 rest-server\\src\\presentation\\todos\\todos_controller.ts","all":false,"statementMap":{"0":{"start":{"line":1,"column":0},"end":{"line":1,"column":43}},"1":{"start":{"line":2,"column":0},"end":{"line":2,"column":44}},"2":{"start":{"line":3,"column":0},"end":{"line":3,"column":61}},"3":{"start":{"line":4,"column":0},"end":{"line":4,"column":61}},"4":{"start":{"line":5,"column":0},"end":{"line":5,"column":74}},"5":{"start":{"line":6,"column":0},"end":{"line":6,"column":62}},"6":{"start":{"line":7,"column":0},"end":{"line":7,"column":59}},"7":{"start":{"line":8,"column":0},"end":{"line":8,"column":56}},"8":{"start":{"line":9,"column":0},"end":{"line":9,"column":62}},"9":{"start":{"line":10,"column":0},"end":{"line":10,"column":62}},"10":{"start":{"line":11,"column":0},"end":{"line":11,"column":0}},"11":{"start":{"line":12,"column":0},"end":{"line":12,"column":30}},"12":{"start":{"line":13,"column":0},"end":{"line":13,"column":66}},"13":{"start":{"line":14,"column":0},"end":{"line":14,"column":0}},"14":{"start":{"line":15,"column":0},"end":{"line":15,"column":5}},"15":{"start":{"line":16,"column":0},"end":{"line":16,"column":0}},"16":{"start":{"line":17,"column":0},"end":{"line":17,"column":55}},"17":{"start":{"line":18,"column":0},"end":{"line":18,"column":57}},"18":{"start":{"line":19,"column":0},"end":{"line":19,"column":71}},"19":{"start":{"line":20,"column":0},"end":{"line":20,"column":23}},"20":{"start":{"line":21,"column":0},"end":{"line":21,"column":5}},"21":{"start":{"line":22,"column":0},"end":{"line":22,"column":0}},"22":{"start":{"line":23,"column":0},"end":{"line":23,"column":58}},"23":{"start":{"line":24,"column":0},"end":{"line":24,"column":40}},"24":{"start":{"line":25,"column":0},"end":{"line":25,"column":0}},"25":{"start":{"line":26,"column":0},"end":{"line":26,"column":56}},"26":{"start":{"line":27,"column":0},"end":{"line":27,"column":71}},"27":{"start":{"line":28,"column":0},"end":{"line":28,"column":19}},"28":{"start":{"line":29,"column":0},"end":{"line":29,"column":38}},"29":{"start":{"line":30,"column":0},"end":{"line":30,"column":9}},"30":{"start":{"line":31,"column":0},"end":{"line":31,"column":14}},"31":{"start":{"line":32,"column":0},"end":{"line":32,"column":58}},"32":{"start":{"line":33,"column":0},"end":{"line":33,"column":9}},"33":{"start":{"line":34,"column":0},"end":{"line":34,"column":0}},"34":{"start":{"line":35,"column":0},"end":{"line":35,"column":14}},"35":{"start":{"line":36,"column":0},"end":{"line":36,"column":5}},"36":{"start":{"line":37,"column":0},"end":{"line":37,"column":0}},"37":{"start":{"line":38,"column":0},"end":{"line":38,"column":57}},"38":{"start":{"line":39,"column":0},"end":{"line":39,"column":60}},"39":{"start":{"line":40,"column":0},"end":{"line":40,"column":0}},"40":{"start":{"line":41,"column":0},"end":{"line":41,"column":44}},"41":{"start":{"line":42,"column":0},"end":{"line":42,"column":0}},"42":{"start":{"line":43,"column":0},"end":{"line":43,"column":20}},"43":{"start":{"line":44,"column":0},"end":{"line":44,"column":48}},"44":{"start":{"line":45,"column":0},"end":{"line":45,"column":18}},"45":{"start":{"line":46,"column":0},"end":{"line":46,"column":9}},"46":{"start":{"line":47,"column":0},"end":{"line":47,"column":14}},"47":{"start":{"line":48,"column":0},"end":{"line":48,"column":84}},"48":{"start":{"line":49,"column":0},"end":{"line":49,"column":51}},"49":{"start":{"line":50,"column":0},"end":{"line":50,"column":18}},"50":{"start":{"line":51,"column":0},"end":{"line":51,"column":9}},"51":{"start":{"line":52,"column":0},"end":{"line":52,"column":5}},"52":{"start":{"line":53,"column":0},"end":{"line":53,"column":0}},"53":{"start":{"line":54,"column":0},"end":{"line":54,"column":53}},"54":{"start":{"line":55,"column":0},"end":{"line":55,"column":40}},"55":{"start":{"line":56,"column":0},"end":{"line":56,"column":63}},"56":{"start":{"line":57,"column":0},"end":{"line":57,"column":0}},"57":{"start":{"line":58,"column":0},"end":{"line":58,"column":27}},"58":{"start":{"line":59,"column":0},"end":{"line":59,"column":64}},"59":{"start":{"line":60,"column":0},"end":{"line":60,"column":18}},"60":{"start":{"line":61,"column":0},"end":{"line":61,"column":9}},"61":{"start":{"line":62,"column":0},"end":{"line":62,"column":24}},"62":{"start":{"line":63,"column":0},"end":{"line":63,"column":57}},"63":{"start":{"line":64,"column":0},"end":{"line":64,"column":18}},"64":{"start":{"line":65,"column":0},"end":{"line":65,"column":9}},"65":{"start":{"line":66,"column":0},"end":{"line":66,"column":14}},"66":{"start":{"line":67,"column":0},"end":{"line":67,"column":75}},"67":{"start":{"line":68,"column":0},"end":{"line":68,"column":23}},"68":{"start":{"line":69,"column":0},"end":{"line":69,"column":99}},"69":{"start":{"line":70,"column":0},"end":{"line":70,"column":49}},"70":{"start":{"line":71,"column":0},"end":{"line":71,"column":22}},"71":{"start":{"line":72,"column":0},"end":{"line":72,"column":13}},"72":{"start":{"line":73,"column":0},"end":{"line":73,"column":18}},"73":{"start":{"line":74,"column":0},"end":{"line":74,"column":64}},"74":{"start":{"line":75,"column":0},"end":{"line":75,"column":22}},"75":{"start":{"line":76,"column":0},"end":{"line":76,"column":13}},"76":{"start":{"line":77,"column":0},"end":{"line":77,"column":0}},"77":{"start":{"line":78,"column":0},"end":{"line":78,"column":9}},"78":{"start":{"line":79,"column":0},"end":{"line":79,"column":5}},"79":{"start":{"line":80,"column":0},"end":{"line":80,"column":0}},"80":{"start":{"line":81,"column":0},"end":{"line":81,"column":57}},"81":{"start":{"line":82,"column":0},"end":{"line":82,"column":40}},"82":{"start":{"line":83,"column":0},"end":{"line":83,"column":0}},"83":{"start":{"line":84,"column":0},"end":{"line":84,"column":0}},"84":{"start":{"line":85,"column":0},"end":{"line":85,"column":8}},"85":{"start":{"line":86,"column":0},"end":{"line":86,"column":18}},"86":{"start":{"line":87,"column":0},"end":{"line":87,"column":61}},"87":{"start":{"line":88,"column":0},"end":{"line":88,"column":18}},"88":{"start":{"line":89,"column":0},"end":{"line":89,"column":9}},"89":{"start":{"line":90,"column":0},"end":{"line":90,"column":24}},"90":{"start":{"line":91,"column":0},"end":{"line":91,"column":57}},"91":{"start":{"line":92,"column":0},"end":{"line":92,"column":18}},"92":{"start":{"line":93,"column":0},"end":{"line":93,"column":9}},"93":{"start":{"line":94,"column":0},"end":{"line":94,"column":14}},"94":{"start":{"line":95,"column":0},"end":{"line":95,"column":75}},"95":{"start":{"line":96,"column":0},"end":{"line":96,"column":21}},"96":{"start":{"line":97,"column":0},"end":{"line":97,"column":89}},"97":{"start":{"line":98,"column":0},"end":{"line":98,"column":51}},"98":{"start":{"line":99,"column":0},"end":{"line":99,"column":18}},"99":{"start":{"line":100,"column":0},"end":{"line":100,"column":68}},"100":{"start":{"line":101,"column":0},"end":{"line":101,"column":13}},"101":{"start":{"line":102,"column":0},"end":{"line":102,"column":18}},"102":{"start":{"line":103,"column":0},"end":{"line":103,"column":9}},"103":{"start":{"line":104,"column":0},"end":{"line":104,"column":5}},"104":{"start":{"line":105,"column":0},"end":{"line":105,"column":1}}},"s":{"0":1,"1":1,"2":1,"3":1,"4":1,"5":1,"6":1,"7":1,"8":1,"9":1,"10":1,"11":1,"12":1,"13":2,"14":2,"15":1,"16":1,"17":1,"18":1,"19":1,"20":1,"21":1,"22":1,"23":1,"24":1,"25":1,"26":1,"27":1,"28":1,"29":1,"30":0,"31":0,"32":0,"33":1,"34":1,"35":1,"36":1,"37":1,"38":1,"39":1,"40":1,"41":1,"42":1,"43":0,"44":0,"45":0,"46":1,"47":1,"48":1,"49":1,"50":1,"51":1,"52":1,"53":1,"54":1,"55":1,"56":1,"57":1,"58":0,"59":0,"60":0,"61":1,"62":0,"63":0,"64":0,"65":1,"66":1,"67":1,"68":1,"69":1,"70":1,"71":1,"72":0,"73":0,"74":0,"75":0,"76":1,"77":1,"78":1,"79":1,"80":1,"81":1,"82":1,"83":1,"84":1,"85":1,"86":0,"87":0,"88":0,"89":1,"90":0,"91":0,"92":0,"93":1,"94":1,"95":1,"96":1,"97":1,"98":1,"99":0,"100":0,"101":1,"102":1,"103":1,"104":1},"branchMap":{"0":{"type":"branch","line":13,"loc":{"start":{"line":13,"column":4},"end":{"line":15,"column":5}},"locations":[{"start":{"line":13,"column":4},"end":{"line":15,"column":5}}]},"1":{"type":"branch","line":17,"loc":{"start":{"line":17,"column":15},"end":{"line":21,"column":5}},"locations":[{"start":{"line":17,"column":15},"end":{"line":21,"column":5}}]},"2":{"type":"branch","line":17,"loc":{"start":{"line":17,"column":53},"end":{"line":21,"column":5}},"locations":[{"start":{"line":17,"column":53},"end":{"line":21,"column":5}}]},"3":{"type":"branch","line":23,"loc":{"start":{"line":23,"column":18},"end":{"line":36,"column":5}},"locations":[{"start":{"line":23,"column":18},"end":{"line":36,"column":5}}]},"4":{"type":"branch","line":23,"loc":{"start":{"line":23,"column":56},"end":{"line":36,"column":5}},"locations":[{"start":{"line":23,"column":56},"end":{"line":36,"column":5}}]},"5":{"type":"branch","line":31,"loc":{"start":{"line":31,"column":-2},"end":{"line":33,"column":9}},"locations":[{"start":{"line":31,"column":-2},"end":{"line":33,"column":9}}]},"6":{"type":"branch","line":38,"loc":{"start":{"line":38,"column":17},"end":{"line":52,"column":5}},"locations":[{"start":{"line":38,"column":17},"end":{"line":52,"column":5}}]},"7":{"type":"branch","line":38,"loc":{"start":{"line":38,"column":55},"end":{"line":52,"column":5}},"locations":[{"start":{"line":38,"column":55},"end":{"line":52,"column":5}}]},"8":{"type":"branch","line":43,"loc":{"start":{"line":43,"column":19},"end":{"line":46,"column":9}},"locations":[{"start":{"line":43,"column":19},"end":{"line":46,"column":9}}]},"9":{"type":"branch","line":54,"loc":{"start":{"line":54,"column":13},"end":{"line":79,"column":5}},"locations":[{"start":{"line":54,"column":13},"end":{"line":79,"column":5}}]},"10":{"type":"branch","line":54,"loc":{"start":{"line":54,"column":51},"end":{"line":79,"column":5}},"locations":[{"start":{"line":54,"column":51},"end":{"line":79,"column":5}}]},"11":{"type":"branch","line":58,"loc":{"start":{"line":58,"column":26},"end":{"line":61,"column":9}},"locations":[{"start":{"line":58,"column":26},"end":{"line":61,"column":9}}]},"12":{"type":"branch","line":62,"loc":{"start":{"line":62,"column":23},"end":{"line":65,"column":9}},"locations":[{"start":{"line":62,"column":23},"end":{"line":65,"column":9}}]},"13":{"type":"branch","line":73,"loc":{"start":{"line":73,"column":-2},"end":{"line":76,"column":13}},"locations":[{"start":{"line":73,"column":-2},"end":{"line":76,"column":13}}]},"14":{"type":"branch","line":81,"loc":{"start":{"line":81,"column":17},"end":{"line":104,"column":5}},"locations":[{"start":{"line":81,"column":17},"end":{"line":104,"column":5}}]},"15":{"type":"branch","line":81,"loc":{"start":{"line":81,"column":55},"end":{"line":104,"column":5}},"locations":[{"start":{"line":81,"column":55},"end":{"line":104,"column":5}}]},"16":{"type":"branch","line":86,"loc":{"start":{"line":86,"column":17},"end":{"line":89,"column":9}},"locations":[{"start":{"line":86,"column":17},"end":{"line":89,"column":9}}]},"17":{"type":"branch","line":90,"loc":{"start":{"line":90,"column":23},"end":{"line":93,"column":9}},"locations":[{"start":{"line":90,"column":23},"end":{"line":93,"column":9}}]},"18":{"type":"branch","line":99,"loc":{"start":{"line":99,"column":13},"end":{"line":101,"column":13}},"locations":[{"start":{"line":99,"column":13},"end":{"line":101,"column":13}}]}},"b":{"0":[2],"1":[1],"2":[1],"3":[1],"4":[1],"5":[0],"6":[1],"7":[1],"8":[0],"9":[1],"10":[1],"11":[0],"12":[0],"13":[0],"14":[1],"15":[1],"16":[0],"17":[0],"18":[0]},"fnMap":{"0":{"name":"TodosController","decl":{"start":{"line":13,"column":4},"end":{"line":15,"column":5}},"loc":{"start":{"line":13,"column":4},"end":{"line":15,"column":5}},"line":13},"1":{"name":"TodosController.getTodos","decl":{"start":{"line":17,"column":15},"end":{"line":21,"column":5}},"loc":{"start":{"line":17,"column":15},"end":{"line":21,"column":5}},"line":17},"2":{"name":"TodosController.getTodoById","decl":{"start":{"line":23,"column":18},"end":{"line":36,"column":5}},"loc":{"start":{"line":23,"column":18},"end":{"line":36,"column":5}},"line":23},"3":{"name":"TodosController.createTodo","decl":{"start":{"line":38,"column":17},"end":{"line":52,"column":5}},"loc":{"start":{"line":38,"column":17},"end":{"line":52,"column":5}},"line":38},"4":{"name":"TodosController.update","decl":{"start":{"line":54,"column":13},"end":{"line":79,"column":5}},"loc":{"start":{"line":54,"column":13},"end":{"line":79,"column":5}},"line":54},"5":{"name":"TodosController.deleteTodo","decl":{"start":{"line":81,"column":17},"end":{"line":104,"column":5}},"loc":{"start":{"line":81,"column":17},"end":{"line":104,"column":5}},"line":81}},"f":{"0":2,"1":1,"2":1,"3":1,"4":1,"5":1}}
}
