TN:
SF:src\app.ts
FNF:0
FNH:0
DA:1,1
DA:2,1
DA:3,1
DA:4,1
DA:5,1
DA:6,1
DA:7,1
DA:8,1
DA:9,1
DA:10,1
DA:11,1
DA:12,1
LF:12
LH:12
BRDA:9,0,0,1
BRDA:9,1,0,1
BRF:2
BRH:2
end_of_record
TN:
SF:src\data\postgres\index.ts
FNF:0
FNH:0
DA:1,1
DA:2,1
DA:3,1
LF:3
LH:3
BRF:0
BRH:0
end_of_record
TN:
SF:src\domain\dtos\create-todo.ts
FN:3,CreateTodoDto
FN:7,create
FNF:2
FNH:2
FNDA:6,CreateTodoDto
FNDA:6,create
DA:1,1
DA:2,1
DA:3,1
DA:4,6
DA:5,6
DA:6,1
DA:7,1
DA:8,6
DA:9,6
DA:10,0
DA:11,0
DA:12,6
DA:13,6
DA:14,6
DA:15,6
DA:16,1
LF:16
LH:14
BRDA:3,0,0,6
BRDA:7,1,0,6
BRDA:9,2,0,0
BRF:3
BRH:2
end_of_record
TN:
SF:src\domain\dtos\update-todo.ts
FN:2,UpdateTodoDto
FN:6,create
FNF:2
FNH:2
FNDA:11,UpdateTodoDto
FNDA:11,create
DA:1,1
DA:2,1
DA:3,11
DA:4,11
DA:5,1
DA:6,1
DA:7,11
DA:8,11
DA:9,0
DA:10,0
DA:11,11
DA:12,11
DA:13,11
DA:14,11
DA:15,1
LF:15
LH:13
BRDA:2,0,0,11
BRDA:6,1,0,11
BRDA:8,2,0,0
BRF:3
BRH:2
end_of_record
TN:
SF:src\domain\entities\todo.entity.ts
FN:2,TodoEntity
FN:9,fromObject
FNF:2
FNH:2
FNDA:22,TodoEntity
FNDA:9,fromObject
DA:1,1
DA:2,1
DA:3,22
DA:4,22
DA:5,22
DA:6,22
DA:7,22
DA:8,1
DA:9,1
DA:10,9
DA:11,9
DA:12,9
DA:13,1
DA:14,1
LF:14
LH:14
BRDA:2,0,0,22
BRDA:9,1,0,9
BRF:2
BRH:2
end_of_record
TN:
SF:src\domain\usecases\create-todo.ts
FN:10,CreateTodo
FN:14,execute
FNF:2
FNH:2
FNDA:2,CreateTodo
FNDA:2,execute
DA:1,1
DA:2,1
DA:3,1
DA:4,1
DA:5,1
DA:6,1
DA:7,1
DA:8,1
DA:9,1
DA:10,1
DA:11,2
DA:12,2
DA:13,1
DA:14,1
DA:15,2
DA:16,2
DA:17,1
LF:17
LH:17
BRDA:10,0,0,2
BRDA:14,1,0,2
BRF:2
BRH:2
end_of_record
TN:
SF:src\domain\usecases\delete-todo.ts
FN:9,DeleteTodo
FN:13,execute
FNF:2
FNH:2
FNDA:2,DeleteTodo
FNDA:2,execute
DA:1,1
DA:2,1
DA:3,1
DA:4,1
DA:5,1
DA:6,1
DA:7,1
DA:8,1
DA:9,1
DA:10,2
DA:11,2
DA:12,1
DA:13,1
DA:14,2
DA:15,2
DA:16,1
LF:16
LH:16
BRDA:9,0,0,2
BRDA:13,1,0,2
BRF:2
BRH:2
end_of_record
TN:
SF:src\domain\usecases\get-todo.ts
FN:9,GetTodo
FN:13,execute
FNF:2
FNH:2
FNDA:4,GetTodo
FNDA:4,execute
DA:1,1
DA:2,1
DA:3,1
DA:4,1
DA:5,1
DA:6,1
DA:7,1
DA:8,1
DA:9,1
DA:10,4
DA:11,4
DA:12,1
DA:13,1
DA:14,4
DA:15,4
DA:16,1
LF:16
LH:16
BRDA:9,0,0,4
BRDA:13,1,0,4
BRF:2
BRH:2
end_of_record
TN:
SF:src\domain\usecases\list-todos.ts
FN:9,ListTodo
FN:13,execute
FNF:2
FNH:2
FNDA:2,ListTodo
FNDA:2,execute
DA:1,1
DA:2,1
DA:3,1
DA:4,1
DA:5,1
DA:6,1
DA:7,1
DA:8,1
DA:9,1
DA:10,2
DA:11,2
DA:12,1
DA:13,1
DA:14,2
DA:15,2
DA:16,1
LF:16
LH:16
BRDA:9,0,0,2
BRDA:13,1,0,2
BRF:2
BRH:2
end_of_record
TN:
SF:src\domain\usecases\update-todo.ts
FN:10,UpdateTodo
FN:14,execute
FNF:2
FNH:2
FNDA:2,UpdateTodo
FNDA:2,execute
DA:1,1
DA:2,1
DA:3,1
DA:4,1
DA:5,1
DA:6,1
DA:7,1
DA:8,1
DA:9,1
DA:10,1
DA:11,2
DA:12,2
DA:13,1
DA:14,1
DA:15,2
DA:16,2
DA:17,1
LF:17
LH:17
BRDA:10,0,0,2
BRDA:14,1,0,2
BRF:2
BRH:2
end_of_record
TN:
SF:src\infraestructure\datasource\todo.datasource.implementation.ts
FN:8,create
FN:18,update
FN:31,delete
FN:52,get
FN:66,list
FNF:5
FNH:5
FNDA:1,create
FNDA:1,update
FNDA:1,delete
FNDA:3,get
FNDA:1,list
DA:1,1
DA:2,1
DA:3,1
DA:4,1
DA:5,1
DA:6,1
DA:7,1
DA:8,1
DA:9,1
DA:10,1
DA:11,1
DA:12,1
DA:13,1
DA:14,1
DA:15,1
DA:16,1
DA:17,1
DA:18,1
DA:19,1
DA:20,1
DA:21,1
DA:22,1
DA:23,1
DA:24,1
DA:25,1
DA:26,1
DA:27,1
DA:28,1
DA:29,1
DA:30,1
DA:31,1
DA:32,1
DA:33,1
DA:34,1
DA:35,1
DA:36,1
DA:37,1
DA:38,1
DA:39,1
DA:40,1
DA:41,1
DA:42,1
DA:43,0
DA:44,0
DA:45,0
DA:46,1
DA:47,1
DA:48,0
DA:49,0
DA:50,1
DA:51,1
DA:52,1
DA:53,3
DA:54,3
DA:55,3
DA:56,3
DA:57,3
DA:58,3
DA:59,3
DA:60,3
DA:61,0
DA:62,0
DA:63,0
DA:64,3
DA:65,3
DA:66,1
DA:67,1
DA:68,1
DA:69,1
DA:70,1
DA:71,1
DA:72,1
LF:72
LH:64
BRDA:8,0,0,1
BRDA:18,1,0,1
BRDA:31,2,0,1
BRDA:43,3,0,0
BRDA:47,4,0,0
BRDA:52,5,0,3
BRDA:61,6,0,0
BRDA:66,7,0,1
BRDA:68,8,0,2
BRF:9
BRH:6
end_of_record
TN:
SF:src\infraestructure\repositories\todo.repository.implementation.ts
FN:8,TodoRepositoryImplementation
FN:12,create
FN:15,update
FN:18,delete
FN:21,get
FN:24,list
FNF:6
FNH:6
FNDA:7,TodoRepositoryImplementation
FNDA:2,create
FNDA:2,update
FNDA:2,delete
FNDA:4,get
FNDA:2,list
DA:1,1
DA:2,1
DA:3,1
DA:4,1
DA:5,1
DA:6,1
DA:7,1
DA:8,1
DA:9,7
DA:10,7
DA:11,1
DA:12,1
DA:13,2
DA:14,2
DA:15,1
DA:16,2
DA:17,2
DA:18,1
DA:19,2
DA:20,2
DA:21,1
DA:22,4
DA:23,4
DA:24,1
DA:25,2
DA:26,2
DA:27,1
DA:28,1
LF:28
LH:28
BRDA:8,0,0,7
BRDA:12,1,0,2
BRDA:15,2,0,2
BRDA:18,3,0,2
BRDA:21,4,0,4
BRDA:24,5,0,2
BRF:6
BRH:6
end_of_record
TN:
SF:src\presentation\routes.ts
FN:9,get routes
FNF:1
FNH:1
FNDA:2,get routes
DA:1,1
DA:2,1
DA:3,1
DA:4,1
DA:5,1
DA:6,1
DA:7,1
DA:8,1
DA:9,1
DA:10,2
DA:11,2
DA:12,2
DA:13,2
DA:14,2
DA:15,2
DA:16,1
LF:16
LH:16
BRDA:9,0,0,2
BRF:1
BRH:1
end_of_record
TN:
SF:src\presentation\server.ts
FN:10,Server
FN:16,start
FN:26,close
FNF:3
FNH:3
FNDA:1,Server
FNDA:1,start
FNDA:1,close
DA:1,1
DA:2,1
DA:3,1
DA:4,1
DA:5,1
DA:6,1
DA:7,1
DA:8,1
DA:9,1
DA:10,1
DA:11,1
DA:12,1
DA:13,1
DA:14,1
DA:15,1
DA:16,1
DA:17,1
DA:18,1
DA:19,1
DA:20,1
DA:21,1
DA:22,1
DA:23,1
DA:24,1
DA:25,1
DA:26,1
DA:27,1
DA:28,1
DA:29,1
DA:30,1
DA:31,1
LF:31
LH:31
BRDA:10,0,0,1
BRDA:16,1,0,1
BRDA:21,2,0,1
BRDA:26,3,0,1
BRDA:27,4,0,0
BRF:5
BRH:4
end_of_record
TN:
SF:src\presentation\todo_routes.ts
FN:7,get routes
FNF:1
FNH:1
FNDA:2,get routes
DA:1,1
DA:2,1
DA:3,1
DA:4,1
DA:5,1
DA:6,1
DA:7,1
DA:8,2
DA:9,2
DA:10,2
DA:11,2
DA:12,2
DA:13,2
DA:14,2
DA:15,2
DA:16,2
DA:17,2
DA:18,2
DA:19,2
DA:20,1
LF:20
LH:20
BRDA:7,0,0,2
BRF:1
BRH:1
end_of_record
TN:
SF:src\presentation\todos\todos_controller.ts
FN:13,TodosController
FN:17,TodosController.getTodos
FN:23,TodosController.getTodoById
FN:38,TodosController.createTodo
FN:54,TodosController.update
FN:81,TodosController.deleteTodo
FNF:6
FNH:6
FNDA:2,TodosController
FNDA:1,TodosController.getTodos
FNDA:1,TodosController.getTodoById
FNDA:1,TodosController.createTodo
FNDA:1,TodosController.update
FNDA:1,TodosController.deleteTodo
DA:1,1
DA:2,1
DA:3,1
DA:4,1
DA:5,1
DA:6,1
DA:7,1
DA:8,1
DA:9,1
DA:10,1
DA:11,1
DA:12,1
DA:13,1
DA:14,2
DA:15,2
DA:16,1
DA:17,1
DA:18,1
DA:19,1
DA:20,1
DA:21,1
DA:22,1
DA:23,1
DA:24,1
DA:25,1
DA:26,1
DA:27,1
DA:28,1
DA:29,1
DA:30,1
DA:31,0
DA:32,0
DA:33,0
DA:34,1
DA:35,1
DA:36,1
DA:37,1
DA:38,1
DA:39,1
DA:40,1
DA:41,1
DA:42,1
DA:43,1
DA:44,0
DA:45,0
DA:46,0
DA:47,1
DA:48,1
DA:49,1
DA:50,1
DA:51,1
DA:52,1
DA:53,1
DA:54,1
DA:55,1
DA:56,1
DA:57,1
DA:58,1
DA:59,0
DA:60,0
DA:61,0
DA:62,1
DA:63,0
DA:64,0
DA:65,0
DA:66,1
DA:67,1
DA:68,1
DA:69,1
DA:70,1
DA:71,1
DA:72,1
DA:73,0
DA:74,0
DA:75,0
DA:76,0
DA:77,1
DA:78,1
DA:79,1
DA:80,1
DA:81,1
DA:82,1
DA:83,1
DA:84,1
DA:85,1
DA:86,1
DA:87,0
DA:88,0
DA:89,0
DA:90,1
DA:91,0
DA:92,0
DA:93,0
DA:94,1
DA:95,1
DA:96,1
DA:97,1
DA:98,1
DA:99,1
DA:100,0
DA:101,0
DA:102,1
DA:103,1
DA:104,1
DA:105,1
LF:105
LH:81
BRDA:13,0,0,2
BRDA:17,1,0,1
BRDA:17,2,0,1
BRDA:23,3,0,1
BRDA:23,4,0,1
BRDA:31,5,0,0
BRDA:38,6,0,1
BRDA:38,7,0,1
BRDA:43,8,0,0
BRDA:54,9,0,1
BRDA:54,10,0,1
BRDA:58,11,0,0
BRDA:62,12,0,0
BRDA:73,13,0,0
BRDA:81,14,0,1
BRDA:81,15,0,1
BRDA:86,16,0,0
BRDA:90,17,0,0
BRDA:99,18,0,0
BRF:19
BRH:11
end_of_record
